<?xml version="1.0" encoding="UTF-8"?>
<robot generator="Robot 4.1.1 (Python 3.9.7 on darwin)" generated="20211031 10:42:56.912" rpa="false" schemaversion="2">
<suite id="s1" name="printProducts" source="/CitiGoUI/retail/testcases/products/printProducts.robot">
<test id="s1-t1" name="Valid Login">
<kw name="Set Selenium Speed" library="SeleniumLibrary">
<arg>${DELAY}</arg>
<doc>Sets the delay that is waited after each Selenium command.</doc>
<status status="PASS" starttime="20211031 10:42:57.139" endtime="20211031 10:42:57.139"/>
</kw>
<kw name="Open Browser To Login Page" library="loginPO">
<kw name="Open Browser" library="SeleniumLibrary">
<arg>${LOGIN URL}</arg>
<arg>${BROWSER}</arg>
<doc>Opens a new browser instance to the optional ``url``.</doc>
<msg timestamp="20211031 10:42:57.140" level="INFO">Opening browser 'Chrome' to base url 'https://saigondream01.kiotviet.vn/man/#/login'.</msg>
<status status="PASS" starttime="20211031 10:42:57.140" endtime="20211031 10:43:02.766"/>
</kw>
<kw name="Maximize Browser Window" library="SeleniumLibrary">
<doc>Maximizes current browser window.</doc>
<status status="PASS" starttime="20211031 10:43:02.767" endtime="20211031 10:43:03.411"/>
</kw>
<status status="PASS" starttime="20211031 10:42:57.139" endtime="20211031 10:43:03.411"/>
</kw>
<kw name="Input Username" library="loginPO">
<arg>0984555475</arg>
<kw name="Input Text" library="SeleniumLibrary">
<arg>${username_txt}</arg>
<arg>${username}</arg>
<doc>Types the given ``text`` into the text field identified by ``locator``.</doc>
<msg timestamp="20211031 10:43:03.412" level="INFO">Typing text '0984555475' into text field '//input[@id='UserName']'.</msg>
<status status="PASS" starttime="20211031 10:43:03.412" endtime="20211031 10:43:05.075"/>
</kw>
<status status="PASS" starttime="20211031 10:43:03.411" endtime="20211031 10:43:05.076"/>
</kw>
<kw name="Input Password" library="loginPO">
<arg>123456</arg>
<kw name="Input Text" library="SeleniumLibrary">
<arg>${password_txt}</arg>
<arg>${password}</arg>
<doc>Types the given ``text`` into the text field identified by ``locator``.</doc>
<msg timestamp="20211031 10:43:05.077" level="INFO">Typing text '123456' into text field '//input[@id='Password']'.</msg>
<status status="PASS" starttime="20211031 10:43:05.076" endtime="20211031 10:43:06.669"/>
</kw>
<status status="PASS" starttime="20211031 10:43:05.076" endtime="20211031 10:43:06.669"/>
</kw>
<kw name="Submit Credentials" library="loginPO">
<kw name="Click Button" library="SeleniumLibrary">
<arg>${login_btn}</arg>
<doc>Clicks the button identified by ``locator``.</doc>
<msg timestamp="20211031 10:43:06.671" level="INFO">Clicking button '//input[@name='quan-ly']'.</msg>
<status status="PASS" starttime="20211031 10:43:06.670" endtime="20211031 10:43:08.246"/>
</kw>
<status status="PASS" starttime="20211031 10:43:06.670" endtime="20211031 10:43:08.246"/>
</kw>
<kw name="Welcome Page Should Be Open" library="loginPO">
<kw name="Sleep" library="BuiltIn">
<arg>10s</arg>
<doc>Pauses the test executed for the given time.</doc>
<msg timestamp="20211031 10:43:18.247" level="INFO">Slept 10 seconds</msg>
<status status="PASS" starttime="20211031 10:43:08.247" endtime="20211031 10:43:18.248"/>
</kw>
<kw name="Location Should Be" library="SeleniumLibrary">
<arg>${WELCOME URL}</arg>
<doc>Verifies that the current URL is exactly ``url``.</doc>
<msg timestamp="20211031 10:43:18.763" level="INFO">Current location is 'https://saigondream01.kiotviet.vn/man/#/DashBoard'.</msg>
<status status="PASS" starttime="20211031 10:43:18.248" endtime="20211031 10:43:18.763"/>
</kw>
<status status="PASS" starttime="20211031 10:43:08.246" endtime="20211031 10:43:18.763"/>
</kw>
<status status="PASS" starttime="20211031 10:42:57.138" endtime="20211031 10:43:18.763"/>
</test>
<test id="s1-t2" name="Verify print product page">
<kw name="Navigate to sale page" library="salePO">
<kw name="Go To" library="SeleniumLibrary">
<arg>${SALE URL}</arg>
<doc>Navigates the current browser window to the provided ``url``.</doc>
<msg timestamp="20211031 10:43:18.766" level="INFO">Opening url 'https://saigondream01.kiotviet.vn/newsale/#/'</msg>
<status status="PASS" starttime="20211031 10:43:18.766" endtime="20211031 10:43:21.063"/>
</kw>
<status status="PASS" starttime="20211031 10:43:18.765" endtime="20211031 10:43:21.063"/>
</kw>
<kw name="Input product and discount and qty" library="salePO">
<arg>${product_id_input}</arg>
<arg>${product_discount_input}</arg>
<arg>${product_qty_input}</arg>
<kw name="Wait Until Element Is Visible" library="SeleniumLibrary">
<arg>${search_product_txt}</arg>
<doc>Waits until the element ``locator`` is visible.</doc>
<status status="PASS" starttime="20211031 10:43:21.064" endtime="20211031 10:43:22.556"/>
</kw>
<kw name="Input Text" library="SeleniumLibrary">
<arg>${search_product_txt}</arg>
<arg>${product_name}</arg>
<doc>Types the given ``text`` into the text field identified by ``locator``.</doc>
<msg timestamp="20211031 10:43:22.557" level="INFO">Typing text 'NAM001' into text field '//input[@id='productSearchInput']'.</msg>
<status status="PASS" starttime="20211031 10:43:22.556" endtime="20211031 10:43:24.188"/>
</kw>
<kw name="Press Keys" library="SeleniumLibrary">
<arg>${search_product_txt}</arg>
<arg>ENTER</arg>
<doc>Simulates the user pressing key(s) to an element or on the active browser.</doc>
<msg timestamp="20211031 10:43:24.189" level="INFO">Sending key(s) ('ENTER',) to //input[@id='productSearchInput'] element.</msg>
<msg timestamp="20211031 10:43:25.609" level="INFO">Pressing special key ENTER to element.</msg>
<msg timestamp="20211031 10:43:25.609" level="INFO">Releasing special key ENTER.</msg>
<status status="PASS" starttime="20211031 10:43:24.188" endtime="20211031 10:43:26.225"/>
</kw>
<kw name="Format String" library="StringFormat">
<var>${product_discount_btn}</var>
<arg>${product_discount_btn}</arg>
<arg>${product_name}</arg>
<msg timestamp="20211031 10:43:26.226" level="INFO">${product_discount_btn} = //div[contains(text(),'NAM001')]/../../..//button[@kv-popup-anchor='productPrice']</msg>
<status status="PASS" starttime="20211031 10:43:26.225" endtime="20211031 10:43:26.226"/>
</kw>
<kw name="Format String" library="StringFormat">
<var>${product_update_qty_txt}</var>
<arg>${product_update_qty_txt}</arg>
<arg>${product_name}</arg>
<msg timestamp="20211031 10:43:26.227" level="INFO">${product_update_qty_txt} = //div[contains(text(),'NAM001')]/../../..//input[@ng-model='item.Quantity']</msg>
<status status="PASS" starttime="20211031 10:43:26.226" endtime="20211031 10:43:26.227"/>
</kw>
<kw name="Click Element JS" library="javascript">
<arg>${product_discount_btn}</arg>
<kw name="Wait Until Page Contains Element" library="SeleniumLibrary">
<arg>${xpathElement}</arg>
<arg>30s</arg>
<doc>Waits until the element ``locator`` appears on the current page.</doc>
<status status="PASS" starttime="20211031 10:43:26.228" endtime="20211031 10:43:26.748"/>
</kw>
<kw name="Format String" library="StringFormat">
<var>${xpath}</var>
<arg>${mes_click}</arg>
<arg>${xpathElement}</arg>
<msg timestamp="20211031 10:43:26.749" level="INFO">${xpath} = document.evaluate("//div[contains(text(),'NAM001')]/../../..//button[@kv-popup-anchor='productPrice']", document, null, XPathResult.FIRST_ORDERED_NODE_TYPE, null).singleNodeValue.click()</msg>
<status status="PASS" starttime="20211031 10:43:26.748" endtime="20211031 10:43:26.749"/>
</kw>
<kw name="Execute Javascript" library="SeleniumLibrary">
<arg>${xpath}</arg>
<doc>Executes the given JavaScript code with possible arguments.</doc>
<msg timestamp="20211031 10:43:26.750" level="INFO">Executing JavaScript:
document.evaluate("//div[contains(text(),'NAM001')]/../../..//button[@kv-popup-anchor='productPrice']", document, null, XPathResult.FIRST_ORDERED_NODE_TYPE, null).singleNodeValue.click()
Without any arguments.</msg>
<status status="PASS" starttime="20211031 10:43:26.749" endtime="20211031 10:43:27.288"/>
</kw>
<timeout value="15 seconds"/>
<status status="PASS" starttime="20211031 10:43:26.227" endtime="20211031 10:43:27.288"/>
</kw>
<kw name="Input Text" library="SeleniumLibrary">
<arg>${product_discount_txt}</arg>
<arg>${product_discount}</arg>
<doc>Types the given ``text`` into the text field identified by ``locator``.</doc>
<msg timestamp="20211031 10:43:27.289" level="INFO">Typing text '899000' into text field '//input[@id='priceInput']'.</msg>
<status status="PASS" starttime="20211031 10:43:27.288" endtime="20211031 10:43:28.912"/>
</kw>
<kw name="Input Text" library="SeleniumLibrary">
<arg>${product_update_qty_txt}</arg>
<arg>${product_qty}</arg>
<doc>Types the given ``text`` into the text field identified by ``locator``.</doc>
<msg timestamp="20211031 10:43:28.913" level="INFO">Typing text '2' into text field '//div[contains(text(),'NAM001')]/../../..//input[@ng-model='item.Quantity']'.</msg>
<status status="PASS" starttime="20211031 10:43:28.912" endtime="20211031 10:43:30.572"/>
</kw>
<status status="PASS" starttime="20211031 10:43:21.064" endtime="20211031 10:43:30.572"/>
</kw>
<kw name="Get total customer pay" library="salePO">
<var>${total_customer_pay}</var>
<kw name="Get Text" library="SeleniumLibrary">
<var>${total}</var>
<arg>${total_pay_lbl}</arg>
<doc>Returns the text value of the element identified by ``locator``.</doc>
<msg timestamp="20211031 10:43:31.602" level="INFO">${total} = 6,000,000</msg>
<status status="PASS" starttime="20211031 10:43:30.573" endtime="20211031 10:43:31.602"/>
</kw>
<kw name="Return From Keyword" library="BuiltIn">
<arg>${total}</arg>
<doc>Returns from the enclosing user keyword.</doc>
<msg timestamp="20211031 10:43:31.602" level="INFO">Returning from the enclosing user keyword.</msg>
<status status="PASS" starttime="20211031 10:43:31.602" endtime="20211031 10:43:31.603"/>
</kw>
<msg timestamp="20211031 10:43:31.603" level="INFO">${total_customer_pay} = 6,000,000</msg>
<status status="PASS" starttime="20211031 10:43:30.572" endtime="20211031 10:43:31.603"/>
</kw>
<kw name="Wait Until Keyword Succeeds" library="BuiltIn">
<arg>3 times</arg>
<arg>5s</arg>
<arg>Click Pay Button</arg>
<doc>Runs the specified keyword and retries if it fails.</doc>
<kw name="Click Pay Button" library="salePO">
<kw name="Wait Until Element Is Visible" library="SeleniumLibrary">
<arg>${pay_btn}</arg>
<doc>Waits until the element ``locator`` is visible.</doc>
<status status="PASS" starttime="20211031 10:43:31.604" endtime="20211031 10:43:32.637"/>
</kw>
<kw name="Click Element JS" library="javascript">
<arg>${pay_btn}</arg>
<kw name="Wait Until Page Contains Element" library="SeleniumLibrary">
<arg>${xpathElement}</arg>
<arg>30s</arg>
<doc>Waits until the element ``locator`` appears on the current page.</doc>
<status status="PASS" starttime="20211031 10:43:32.639" endtime="20211031 10:43:33.151"/>
</kw>
<kw name="Format String" library="StringFormat">
<var>${xpath}</var>
<arg>${mes_click}</arg>
<arg>${xpathElement}</arg>
<msg timestamp="20211031 10:43:33.152" level="INFO">${xpath} = document.evaluate("//button[@id='saveTransaction']", document, null, XPathResult.FIRST_ORDERED_NODE_TYPE, null).singleNodeValue.click()</msg>
<status status="PASS" starttime="20211031 10:43:33.151" endtime="20211031 10:43:33.152"/>
</kw>
<kw name="Execute Javascript" library="SeleniumLibrary">
<arg>${xpath}</arg>
<doc>Executes the given JavaScript code with possible arguments.</doc>
<msg timestamp="20211031 10:43:33.153" level="INFO">Executing JavaScript:
document.evaluate("//button[@id='saveTransaction']", document, null, XPathResult.FIRST_ORDERED_NODE_TYPE, null).singleNodeValue.click()
Without any arguments.</msg>
<status status="PASS" starttime="20211031 10:43:33.152" endtime="20211031 10:43:33.662"/>
</kw>
<timeout value="15 seconds"/>
<status status="PASS" starttime="20211031 10:43:32.638" endtime="20211031 10:43:33.662"/>
</kw>
<status status="PASS" starttime="20211031 10:43:31.604" endtime="20211031 10:43:33.662"/>
</kw>
<status status="PASS" starttime="20211031 10:43:31.604" endtime="20211031 10:43:33.662"/>
</kw>
<kw name="Wait Until Keyword Succeeds" library="BuiltIn">
<arg>3 times</arg>
<arg>5s</arg>
<arg>Switch Window</arg>
<arg>NEW</arg>
<doc>Runs the specified keyword and retries if it fails.</doc>
<kw name="Switch Window" library="SeleniumLibrary">
<arg>NEW</arg>
<doc>Switches to browser window matching ``locator``.</doc>
<status status="PASS" starttime="20211031 10:43:33.663" endtime="20211031 10:43:35.687"/>
</kw>
<status status="PASS" starttime="20211031 10:43:33.663" endtime="20211031 10:43:35.687"/>
</kw>
<kw name="Press Keys" library="SeleniumLibrary">
<arg>//body</arg>
<arg>ESCAPE</arg>
<doc>Simulates the user pressing key(s) to an element or on the active browser.</doc>
<msg timestamp="20211031 10:43:35.689" level="INFO">Sending key(s) ('ESCAPE',) to //body element.</msg>
<msg timestamp="20211031 10:43:36.982" level="INFO">Pressing special key ESCAPE to element.</msg>
<msg timestamp="20211031 10:43:36.982" level="INFO">Releasing special key ESCAPE.</msg>
<status status="PASS" starttime="20211031 10:43:35.688" endtime="20211031 10:43:37.502"/>
</kw>
<kw name="Switch Window" library="SeleniumLibrary">
<arg>MAIN</arg>
<doc>Switches to browser window matching ``locator``.</doc>
<status status="PASS" starttime="20211031 10:43:37.503" endtime="20211031 10:43:38.522"/>
</kw>
<kw name="Wait Until Keyword Succeeds" library="BuiltIn">
<var>${invoice_id}</var>
<arg>3 times</arg>
<arg>5s</arg>
<arg>get saved code after execute</arg>
<doc>Runs the specified keyword and retries if it fails.</doc>
<kw name="Get saved code after execute" library="javascript">
<kw name="Execute Javascript" library="SeleniumLibrary">
<var>${saved_code}</var>
<arg>return window.document.getElementById('kvSavedCode').textContent;</arg>
<doc>Executes the given JavaScript code with possible arguments.</doc>
<msg timestamp="20211031 10:43:38.525" level="INFO">Executing JavaScript:
return window.document.getElementById('kvSavedCode').textContent;
Without any arguments.</msg>
<msg timestamp="20211031 10:43:39.031" level="INFO">${saved_code} = HD000104</msg>
<status status="PASS" starttime="20211031 10:43:38.524" endtime="20211031 10:43:39.032"/>
</kw>
<kw name="Return From Keyword" library="BuiltIn">
<arg>${saved_code}</arg>
<doc>Returns from the enclosing user keyword.</doc>
<msg timestamp="20211031 10:43:39.032" level="INFO">Returning from the enclosing user keyword.</msg>
<status status="PASS" starttime="20211031 10:43:39.032" endtime="20211031 10:43:39.032"/>
</kw>
<status status="PASS" starttime="20211031 10:43:38.523" endtime="20211031 10:43:39.033"/>
</kw>
<msg timestamp="20211031 10:43:39.033" level="INFO">${invoice_id} = HD000104</msg>
<status status="PASS" starttime="20211031 10:43:38.522" endtime="20211031 10:43:39.033"/>
</kw>
<kw name="Set Global Variable" library="BuiltIn">
<arg>${invoice_id}</arg>
<doc>Makes a variable available globally in all tests and suites.</doc>
<msg timestamp="20211031 10:43:39.034" level="INFO">${invoice_id} = HD000104</msg>
<status status="PASS" starttime="20211031 10:43:39.033" endtime="20211031 10:43:39.034"/>
</kw>
<kw name="Select Frame" library="SeleniumLibrary">
<arg>//iframe</arg>
<doc>Sets frame identified by ``locator`` as the current frame.</doc>
<msg timestamp="20211031 10:43:39.034" level="INFO">Selecting frame '//iframe'.</msg>
<status status="PASS" starttime="20211031 10:43:39.034" endtime="20211031 10:43:40.068"/>
</kw>
<kw name="Wait Until Keyword Succeeds" library="BuiltIn">
<var>${printer_name}</var>
<var>${printer_price}</var>
<var>${printer_qty}</var>
<var>${printer_total_price}</var>
<arg>3 times</arg>
<arg>5s</arg>
<arg>get product printer</arg>
<arg>${product_name_input}</arg>
<doc>Runs the specified keyword and retries if it fails.</doc>
<kw name="get product printer" library="printInvoicesPO">
<arg>${product_name_input}</arg>
<kw name="Format String" library="StringFormat">
<var>${xpath_product_name}</var>
<arg>${product_name_lbl}</arg>
<arg>${product_name_input}</arg>
<msg timestamp="20211031 10:43:40.071" level="INFO">${xpath_product_name} = //div[@class='printBox']//*[contains(text(),'Áo vest nam màu xanh lá')]</msg>
<status status="PASS" starttime="20211031 10:43:40.070" endtime="20211031 10:43:40.071"/>
</kw>
<kw name="Format String" library="StringFormat">
<var>${xpath_product_price}</var>
<arg>${product_with_lbl}</arg>
<arg>${product_name_input}</arg>
<arg>2</arg>
<msg timestamp="20211031 10:43:40.072" level="INFO">${xpath_product_price} = (//div[@class='printBox']//*[contains(text(),'Áo vest nam màu xanh lá')]/parent::td/parent::tr//following::tr[1]//td//span)[2]</msg>
<status status="PASS" starttime="20211031 10:43:40.071" endtime="20211031 10:43:40.072"/>
</kw>
<kw name="Format String" library="StringFormat">
<var>${xpath_product_qty}</var>
<arg>${product_with_lbl}</arg>
<arg>${product_name_input}</arg>
<arg>3</arg>
<msg timestamp="20211031 10:43:40.072" level="INFO">${xpath_product_qty} = (//div[@class='printBox']//*[contains(text(),'Áo vest nam màu xanh lá')]/parent::td/parent::tr//following::tr[1]//td//span)[3]</msg>
<status status="PASS" starttime="20211031 10:43:40.072" endtime="20211031 10:43:40.073"/>
</kw>
<kw name="Format String" library="StringFormat">
<var>${xpath_product_total_price}</var>
<arg>${product_with_lbl}</arg>
<arg>${product_name_input}</arg>
<arg>4</arg>
<msg timestamp="20211031 10:43:40.073" level="INFO">${xpath_product_total_price} = (//div[@class='printBox']//*[contains(text(),'Áo vest nam màu xanh lá')]/parent::td/parent::tr//following::tr[1]//td//span)[4]</msg>
<status status="PASS" starttime="20211031 10:43:40.073" endtime="20211031 10:43:40.073"/>
</kw>
<kw name="Get text JS" library="javascript">
<var>${printer_name}</var>
<arg>${xpath_product_name}</arg>
<kw name="Format String" library="StringFormat">
<var>${xpath}</var>
<arg>${mes_getText}</arg>
<arg>${xpathElement}</arg>
<msg timestamp="20211031 10:43:40.074" level="INFO">${xpath} = return document.evaluate("//div[@class='printBox']//*[contains(text(),'Áo vest nam màu xanh lá')]", document, null, XPathResult.FIRST_ORDERED_NODE_TYPE, null).singleNodeValue.innerText;</msg>
<status status="PASS" starttime="20211031 10:43:40.074" endtime="20211031 10:43:40.074"/>
</kw>
<kw name="Execute Javascript" library="SeleniumLibrary">
<var>${contain}</var>
<arg>${xpath}</arg>
<doc>Executes the given JavaScript code with possible arguments.</doc>
<msg timestamp="20211031 10:43:40.075" level="INFO">Executing JavaScript:
return document.evaluate("//div[@class='printBox']//*[contains(text(),'Áo vest nam màu xanh lá')]", document, null, XPathResult.FIRST_ORDERED_NODE_TYPE, null).singleNodeValue.innerText;
Without any arguments.</msg>
<msg timestamp="20211031 10:43:40.583" level="INFO">${contain} = Áo vest nam màu xanh lá</msg>
<status status="PASS" starttime="20211031 10:43:40.075" endtime="20211031 10:43:40.584"/>
</kw>
<kw name="Return From Keyword" library="BuiltIn">
<arg>${contain}</arg>
<doc>Returns from the enclosing user keyword.</doc>
<msg timestamp="20211031 10:43:40.584" level="INFO">Returning from the enclosing user keyword.</msg>
<status status="PASS" starttime="20211031 10:43:40.584" endtime="20211031 10:43:40.585"/>
</kw>
<msg timestamp="20211031 10:43:40.585" level="INFO">${printer_name} = Áo vest nam màu xanh lá</msg>
<status status="PASS" starttime="20211031 10:43:40.073" endtime="20211031 10:43:40.585"/>
</kw>
<kw name="Get text JS" library="javascript">
<var>${printer_price}</var>
<arg>${xpath_product_price}</arg>
<kw name="Format String" library="StringFormat">
<var>${xpath}</var>
<arg>${mes_getText}</arg>
<arg>${xpathElement}</arg>
<msg timestamp="20211031 10:43:40.587" level="INFO">${xpath} = return document.evaluate("(//div[@class='printBox']//*[contains(text(),'Áo vest nam màu xanh lá')]/parent::td/parent::tr//following::tr[1]//td//span)[2]", document, null, XPathResult.FIRST_ORDERED_NOD...</msg>
<status status="PASS" starttime="20211031 10:43:40.587" endtime="20211031 10:43:40.587"/>
</kw>
<kw name="Execute Javascript" library="SeleniumLibrary">
<var>${contain}</var>
<arg>${xpath}</arg>
<doc>Executes the given JavaScript code with possible arguments.</doc>
<msg timestamp="20211031 10:43:40.588" level="INFO">Executing JavaScript:
return document.evaluate("(//div[@class='printBox']//*[contains(text(),'Áo vest nam màu xanh lá')]/parent::td/parent::tr//following::tr[1]//td//span)[2]", document, null, XPathResult.FIRST_ORDERED_NODE_TYPE, null).singleNodeValue.innerText;
Without any arguments.</msg>
<msg timestamp="20211031 10:43:41.099" level="INFO">${contain} = 3,899,000</msg>
<status status="PASS" starttime="20211031 10:43:40.588" endtime="20211031 10:43:41.099"/>
</kw>
<kw name="Return From Keyword" library="BuiltIn">
<arg>${contain}</arg>
<doc>Returns from the enclosing user keyword.</doc>
<msg timestamp="20211031 10:43:41.100" level="INFO">Returning from the enclosing user keyword.</msg>
<status status="PASS" starttime="20211031 10:43:41.099" endtime="20211031 10:43:41.100"/>
</kw>
<msg timestamp="20211031 10:43:41.101" level="INFO">${printer_price} = 3,899,000</msg>
<status status="PASS" starttime="20211031 10:43:40.586" endtime="20211031 10:43:41.101"/>
</kw>
<kw name="Get text JS" library="javascript">
<var>${printer_qty}</var>
<arg>${xpath_product_qty}</arg>
<kw name="Format String" library="StringFormat">
<var>${xpath}</var>
<arg>${mes_getText}</arg>
<arg>${xpathElement}</arg>
<msg timestamp="20211031 10:43:41.102" level="INFO">${xpath} = return document.evaluate("(//div[@class='printBox']//*[contains(text(),'Áo vest nam màu xanh lá')]/parent::td/parent::tr//following::tr[1]//td//span)[3]", document, null, XPathResult.FIRST_ORDERED_NOD...</msg>
<status status="PASS" starttime="20211031 10:43:41.102" endtime="20211031 10:43:41.102"/>
</kw>
<kw name="Execute Javascript" library="SeleniumLibrary">
<var>${contain}</var>
<arg>${xpath}</arg>
<doc>Executes the given JavaScript code with possible arguments.</doc>
<msg timestamp="20211031 10:43:41.103" level="INFO">Executing JavaScript:
return document.evaluate("(//div[@class='printBox']//*[contains(text(),'Áo vest nam màu xanh lá')]/parent::td/parent::tr//following::tr[1]//td//span)[3]", document, null, XPathResult.FIRST_ORDERED_NODE_TYPE, null).singleNodeValue.innerText;
Without any arguments.</msg>
<msg timestamp="20211031 10:43:41.612" level="INFO">${contain} = 2</msg>
<status status="PASS" starttime="20211031 10:43:41.102" endtime="20211031 10:43:41.612"/>
</kw>
<kw name="Return From Keyword" library="BuiltIn">
<arg>${contain}</arg>
<doc>Returns from the enclosing user keyword.</doc>
<msg timestamp="20211031 10:43:41.612" level="INFO">Returning from the enclosing user keyword.</msg>
<status status="PASS" starttime="20211031 10:43:41.612" endtime="20211031 10:43:41.613"/>
</kw>
<msg timestamp="20211031 10:43:41.613" level="INFO">${printer_qty} = 2</msg>
<status status="PASS" starttime="20211031 10:43:41.101" endtime="20211031 10:43:41.613"/>
</kw>
<kw name="Get text JS" library="javascript">
<var>${printer_total_price}</var>
<arg>${xpath_product_total_price}</arg>
<kw name="Format String" library="StringFormat">
<var>${xpath}</var>
<arg>${mes_getText}</arg>
<arg>${xpathElement}</arg>
<msg timestamp="20211031 10:43:41.614" level="INFO">${xpath} = return document.evaluate("(//div[@class='printBox']//*[contains(text(),'Áo vest nam màu xanh lá')]/parent::td/parent::tr//following::tr[1]//td//span)[4]", document, null, XPathResult.FIRST_ORDERED_NOD...</msg>
<status status="PASS" starttime="20211031 10:43:41.613" endtime="20211031 10:43:41.614"/>
</kw>
<kw name="Execute Javascript" library="SeleniumLibrary">
<var>${contain}</var>
<arg>${xpath}</arg>
<doc>Executes the given JavaScript code with possible arguments.</doc>
<msg timestamp="20211031 10:43:41.614" level="INFO">Executing JavaScript:
return document.evaluate("(//div[@class='printBox']//*[contains(text(),'Áo vest nam màu xanh lá')]/parent::td/parent::tr//following::tr[1]//td//span)[4]", document, null, XPathResult.FIRST_ORDERED_NODE_TYPE, null).singleNodeValue.innerText;
Without any arguments.</msg>
<msg timestamp="20211031 10:43:42.126" level="INFO">${contain} = 6,000,000</msg>
<status status="PASS" starttime="20211031 10:43:41.614" endtime="20211031 10:43:42.127"/>
</kw>
<kw name="Return From Keyword" library="BuiltIn">
<arg>${contain}</arg>
<doc>Returns from the enclosing user keyword.</doc>
<msg timestamp="20211031 10:43:42.127" level="INFO">Returning from the enclosing user keyword.</msg>
<status status="PASS" starttime="20211031 10:43:42.127" endtime="20211031 10:43:42.127"/>
</kw>
<msg timestamp="20211031 10:43:42.128" level="INFO">${printer_total_price} = 6,000,000</msg>
<status status="PASS" starttime="20211031 10:43:41.613" endtime="20211031 10:43:42.128"/>
</kw>
<kw name="Return From Keyword" library="BuiltIn">
<arg>${printer_name}</arg>
<arg>${printer_price}</arg>
<arg>${printer_qty}</arg>
<arg>${printer_total_price}</arg>
<doc>Returns from the enclosing user keyword.</doc>
<msg timestamp="20211031 10:43:42.128" level="INFO">Returning from the enclosing user keyword.</msg>
<status status="PASS" starttime="20211031 10:43:42.128" endtime="20211031 10:43:42.128"/>
</kw>
<status status="PASS" starttime="20211031 10:43:40.069" endtime="20211031 10:43:42.129"/>
</kw>
<msg timestamp="20211031 10:43:42.129" level="INFO">${printer_name} = Áo vest nam màu xanh lá</msg>
<msg timestamp="20211031 10:43:42.129" level="INFO">${printer_price} = 3,899,000</msg>
<msg timestamp="20211031 10:43:42.129" level="INFO">${printer_qty} = 2</msg>
<msg timestamp="20211031 10:43:42.129" level="INFO">${printer_total_price} = 6,000,000</msg>
<status status="PASS" starttime="20211031 10:43:40.069" endtime="20211031 10:43:42.129"/>
</kw>
<kw name="Should Be Equal As Strings" library="BuiltIn">
<arg>${printer_name}</arg>
<arg>${product_name_input}</arg>
<doc>Fails if objects are unequal after converting them to strings.</doc>
<status status="PASS" starttime="20211031 10:43:42.129" endtime="20211031 10:43:42.130"/>
</kw>
<kw name="Should Be Equal As Strings" library="BuiltIn">
<arg>${printer_qty}</arg>
<arg>${product_qty_input}</arg>
<doc>Fails if objects are unequal after converting them to strings.</doc>
<status status="PASS" starttime="20211031 10:43:42.130" endtime="20211031 10:43:42.130"/>
</kw>
<kw name="Should Be Equal As Strings" library="BuiltIn">
<arg>${printer_price}</arg>
<arg>${product_price_expected}</arg>
<doc>Fails if objects are unequal after converting them to strings.</doc>
<status status="PASS" starttime="20211031 10:43:42.130" endtime="20211031 10:43:42.131"/>
</kw>
<kw name="Should Be Equal As Strings" library="BuiltIn">
<arg>${printer_total_price}</arg>
<arg>${product_total_price_expected}</arg>
<doc>Fails if objects are unequal after converting them to strings.</doc>
<status status="PASS" starttime="20211031 10:43:42.131" endtime="20211031 10:43:42.131"/>
</kw>
<status status="PASS" starttime="20211031 10:43:18.764" endtime="20211031 10:43:42.131"/>
</test>
<test id="s1-t3" name="Verify invoices page">
<kw name="Navigate to invoice page" library="listInvoicesPO">
<kw name="Go To" library="SeleniumLibrary">
<arg>${INVOICES URL}</arg>
<doc>Navigates the current browser window to the provided ``url``.</doc>
<msg timestamp="20211031 10:43:42.133" level="INFO">Opening url 'https://saigondream01.kiotviet.vn/man/#/Invoices'</msg>
<status status="PASS" starttime="20211031 10:43:42.132" endtime="20211031 10:43:43.433"/>
</kw>
<status status="PASS" starttime="20211031 10:43:42.132" endtime="20211031 10:43:43.433"/>
</kw>
<kw name="Wait Until Keyword Succeeds" library="BuiltIn">
<arg>3 times</arg>
<arg>5s</arg>
<arg>Click invoice by</arg>
<arg>${invoice_id}</arg>
<doc>Runs the specified keyword and retries if it fails.</doc>
<kw name="Click invoice by" library="listInvoicesPO">
<arg>${invoice_id}</arg>
<kw name="Format String" library="StringFormat">
<var>${xpath}</var>
<arg>${invoice_id_lbl}</arg>
<arg>${invoice_id}</arg>
<msg timestamp="20211031 10:43:43.435" level="INFO">${xpath} = //span[@data-code='HD000104']</msg>
<status status="PASS" starttime="20211031 10:43:43.434" endtime="20211031 10:43:43.435"/>
</kw>
<kw name="Click Element" library="SeleniumLibrary">
<arg>${xpath}</arg>
<doc>Click the element identified by ``locator``.</doc>
<msg timestamp="20211031 10:43:43.435" level="INFO">Clicking element '//span[@data-code='HD000104']'.</msg>
<kw name="Capture Page Screenshot" library="SeleniumLibrary">
<doc>Takes a screenshot of the current page and embeds it into a log file.</doc>
<msg timestamp="20211031 10:43:45.611" level="INFO" html="true">&lt;/td&gt;&lt;/tr&gt;&lt;tr&gt;&lt;td colspan="3"&gt;&lt;a href="selenium-screenshot-117.png"&gt;&lt;img src="selenium-screenshot-117.png" width="800px"&gt;&lt;/a&gt;</msg>
<status status="PASS" starttime="20211031 10:43:44.331" endtime="20211031 10:43:45.612"/>
</kw>
<msg timestamp="20211031 10:43:45.614" level="FAIL">Element with locator '//span[@data-code='HD000104']' not found.</msg>
<status status="FAIL" starttime="20211031 10:43:43.435" endtime="20211031 10:43:45.614"/>
</kw>
<status status="FAIL" starttime="20211031 10:43:43.434" endtime="20211031 10:43:45.615"/>
</kw>
<kw name="Click invoice by" library="listInvoicesPO">
<arg>${invoice_id}</arg>
<kw name="Format String" library="StringFormat">
<var>${xpath}</var>
<arg>${invoice_id_lbl}</arg>
<arg>${invoice_id}</arg>
<msg timestamp="20211031 10:43:50.617" level="INFO">${xpath} = //span[@data-code='HD000104']</msg>
<status status="PASS" starttime="20211031 10:43:50.617" endtime="20211031 10:43:50.617"/>
</kw>
<kw name="Click Element" library="SeleniumLibrary">
<arg>${xpath}</arg>
<doc>Click the element identified by ``locator``.</doc>
<msg timestamp="20211031 10:43:50.618" level="INFO">Clicking element '//span[@data-code='HD000104']'.</msg>
<status status="PASS" starttime="20211031 10:43:50.618" endtime="20211031 10:43:52.190"/>
</kw>
<status status="PASS" starttime="20211031 10:43:50.616" endtime="20211031 10:43:52.190"/>
</kw>
<status status="PASS" starttime="20211031 10:43:43.433" endtime="20211031 10:43:52.190"/>
</kw>
<kw name="Wait Until Keyword Succeeds" library="BuiltIn">
<var>${name}</var>
<var>${qty}</var>
<var>${price}</var>
<var>${total_price}</var>
<arg>3 times</arg>
<arg>5s</arg>
<arg>Get detail invoice</arg>
<doc>Runs the specified keyword and retries if it fails.</doc>
<kw name="Get detail invoice" library="detailInvoicesPO">
<kw name="Get Text" library="SeleniumLibrary">
<var>${name_product}</var>
<arg>${name_product_detail_invoice_lbl}</arg>
<doc>Returns the text value of the element identified by ``locator``.</doc>
<kw name="Capture Page Screenshot" library="SeleniumLibrary">
<doc>Takes a screenshot of the current page and embeds it into a log file.</doc>
<msg timestamp="20211031 10:43:53.658" level="INFO" html="true">&lt;/td&gt;&lt;/tr&gt;&lt;tr&gt;&lt;td colspan="3"&gt;&lt;a href="selenium-screenshot-118.png"&gt;&lt;img src="selenium-screenshot-118.png" width="800px"&gt;&lt;/a&gt;</msg>
<status status="PASS" starttime="20211031 10:43:52.724" endtime="20211031 10:43:53.658"/>
</kw>
<msg timestamp="20211031 10:43:53.659" level="FAIL">Element with locator '//div[contains(@class,'invoiceDetail')]//td[@class='cell-auto']' not found.</msg>
<status status="FAIL" starttime="20211031 10:43:52.193" endtime="20211031 10:43:53.659"/>
</kw>
<kw name="Get Text" library="SeleniumLibrary">
<var>${qty_product}</var>
<arg>${qty_product_detail_invoice_lbl}</arg>
<doc>Returns the text value of the element identified by ``locator``.</doc>
<status status="NOT RUN" starttime="20211031 10:43:53.660" endtime="20211031 10:43:53.660"/>
</kw>
<kw name="Get Text" library="SeleniumLibrary">
<var>${price_product}</var>
<arg>${price_product_detail_invoice_lbl}</arg>
<doc>Returns the text value of the element identified by ``locator``.</doc>
<status status="NOT RUN" starttime="20211031 10:43:53.660" endtime="20211031 10:43:53.660"/>
</kw>
<kw name="Get Text" library="SeleniumLibrary">
<var>${total_price_product}</var>
<arg>${total_price_product_detail_invoice_lbl}</arg>
<doc>Returns the text value of the element identified by ``locator``.</doc>
<status status="NOT RUN" starttime="20211031 10:43:53.660" endtime="20211031 10:43:53.660"/>
</kw>
<kw name="Return From Keyword" library="BuiltIn">
<arg>${name_product}</arg>
<arg>${qty_product}</arg>
<arg>${price_product}</arg>
<arg>${total_price_product}</arg>
<doc>Returns from the enclosing user keyword.</doc>
<status status="NOT RUN" starttime="20211031 10:43:53.660" endtime="20211031 10:43:53.661"/>
</kw>
<status status="FAIL" starttime="20211031 10:43:52.192" endtime="20211031 10:43:53.661"/>
</kw>
<kw name="Get detail invoice" library="detailInvoicesPO">
<kw name="Get Text" library="SeleniumLibrary">
<var>${name_product}</var>
<arg>${name_product_detail_invoice_lbl}</arg>
<doc>Returns the text value of the element identified by ``locator``.</doc>
<msg timestamp="20211031 10:43:59.701" level="INFO">${name_product} = Áo vest nam màu xanh lá</msg>
<status status="PASS" starttime="20211031 10:43:58.663" endtime="20211031 10:43:59.701"/>
</kw>
<kw name="Get Text" library="SeleniumLibrary">
<var>${qty_product}</var>
<arg>${qty_product_detail_invoice_lbl}</arg>
<doc>Returns the text value of the element identified by ``locator``.</doc>
<msg timestamp="20211031 10:44:00.736" level="INFO">${qty_product} = 2</msg>
<status status="PASS" starttime="20211031 10:43:59.701" endtime="20211031 10:44:00.736"/>
</kw>
<kw name="Get Text" library="SeleniumLibrary">
<var>${price_product}</var>
<arg>${price_product_detail_invoice_lbl}</arg>
<doc>Returns the text value of the element identified by ``locator``.</doc>
<msg timestamp="20211031 10:44:01.767" level="INFO">${price_product} = 3,899,000</msg>
<status status="PASS" starttime="20211031 10:44:00.737" endtime="20211031 10:44:01.767"/>
</kw>
<kw name="Get Text" library="SeleniumLibrary">
<var>${total_price_product}</var>
<arg>${total_price_product_detail_invoice_lbl}</arg>
<doc>Returns the text value of the element identified by ``locator``.</doc>
<msg timestamp="20211031 10:44:02.807" level="INFO">${total_price_product} = 6,000,000</msg>
<status status="PASS" starttime="20211031 10:44:01.768" endtime="20211031 10:44:02.807"/>
</kw>
<kw name="Return From Keyword" library="BuiltIn">
<arg>${name_product}</arg>
<arg>${qty_product}</arg>
<arg>${price_product}</arg>
<arg>${total_price_product}</arg>
<doc>Returns from the enclosing user keyword.</doc>
<msg timestamp="20211031 10:44:02.808" level="INFO">Returning from the enclosing user keyword.</msg>
<status status="PASS" starttime="20211031 10:44:02.808" endtime="20211031 10:44:02.809"/>
</kw>
<status status="PASS" starttime="20211031 10:43:58.662" endtime="20211031 10:44:02.809"/>
</kw>
<msg timestamp="20211031 10:44:02.809" level="INFO">${name} = Áo vest nam màu xanh lá</msg>
<msg timestamp="20211031 10:44:02.810" level="INFO">${qty} = 2</msg>
<msg timestamp="20211031 10:44:02.810" level="INFO">${price} = 3,899,000</msg>
<msg timestamp="20211031 10:44:02.810" level="INFO">${total_price} = 6,000,000</msg>
<status status="PASS" starttime="20211031 10:43:52.191" endtime="20211031 10:44:02.810"/>
</kw>
<kw name="Should Be Equal As Strings" library="BuiltIn">
<arg>${name}</arg>
<arg>${product_name_input}</arg>
<doc>Fails if objects are unequal after converting them to strings.</doc>
<status status="PASS" starttime="20211031 10:44:02.810" endtime="20211031 10:44:02.811"/>
</kw>
<kw name="Should Be Equal As Strings" library="BuiltIn">
<arg>${price}</arg>
<arg>${product_price_expected}</arg>
<doc>Fails if objects are unequal after converting them to strings.</doc>
<status status="PASS" starttime="20211031 10:44:02.811" endtime="20211031 10:44:02.812"/>
</kw>
<kw name="Should Be Equal As Strings" library="BuiltIn">
<arg>${total_price}</arg>
<arg>${product_total_price_expected}</arg>
<doc>Fails if objects are unequal after converting them to strings.</doc>
<status status="PASS" starttime="20211031 10:44:02.812" endtime="20211031 10:44:02.812"/>
</kw>
<kw name="Should Be Equal As Strings" library="BuiltIn">
<arg>${qty}</arg>
<arg>${product_qty_input}</arg>
<doc>Fails if objects are unequal after converting them to strings.</doc>
<status status="PASS" starttime="20211031 10:44:02.813" endtime="20211031 10:44:02.813"/>
</kw>
<status status="PASS" starttime="20211031 10:43:42.132" endtime="20211031 10:44:02.813"/>
</test>
<doc>A test suite with a single test for valid login.

This test has a workflow that is created using keywords in
the imported resource file.</doc>
<status status="PASS" starttime="20211031 10:42:56.918" endtime="20211031 10:44:02.814"/>
</suite>
<statistics>
<total>
<stat pass="3" fail="0" skip="0">All Tests</stat>
</total>
<tag>
</tag>
<suite>
<stat pass="3" fail="0" skip="0" id="s1" name="printProducts">printProducts</stat>
</suite>
</statistics>
<errors>
</errors>
</robot>
